<?xml version="1.0" encoding="UTF-8"?>
<!-- Generated by org.testng.reporters.JUnitXMLReporter -->
<testsuite hostname="Tanzims-MacBook-Pro.local" ignored="0" name="LoginTest" tests="4" failures="1" timestamp="2020-07-12T21:37:40 BDT" time="18.098" errors="0">
  <testcase name="checkLoginPageTitle" time="7.806" classname="org.bitm.SeleniumOnlineProject.Test.LoginTest"/>
  <testcase name="loginTest" time="10.254" classname="org.bitm.SeleniumOnlineProject.Test.LoginTest"/>
  <testcase name="flightFinderTest" time="0.001" classname="org.bitm.SeleniumOnlineProject.Test.FlightFinderTest">
    <failure type="java.lang.NullPointerException">
      <![CDATA[java.lang.NullPointerException
at org.bitm.SeleniumOnlineProject.Test.FlightFinderTest.flightFinderTest(FlightFinderTest.java:26)
at java.util.ArrayList.forEach(ArrayList.java:1257)
... Removed 27 stack frames]]>
    </failure>
  </testcase> <!-- flightFinderTest -->
  <testcase name="checkFlightFinderPageTitle" time="0.002" classname="org.bitm.SeleniumOnlineProject.Test.FlightFinderTest"/>
</testsuite> <!-- LoginTest -->
