<?xml version="1.0" encoding="UTF-8"?>
<!-- Generated by org.testng.reporters.JUnitXMLReporter -->
<testsuite hostname="Tanzims-MacBook-Pro.local" ignored="0" name="NewToursSiteTest" tests="2" failures="1" timestamp="2020-07-18T19:13:22 BDT" time="5.044" errors="0">
  <testcase name="checkLoginPageTitle" time="5.011" classname="org.bitm.SeleniumOnlineProject.Test.LoginTest">
    <failure type="java.lang.AssertionError" message="expected [Welcome: Mercury Tours] but found [newtours.demoaut.com]">
      <![CDATA[java.lang.AssertionError: expected [Welcome: Mercury Tours] but found [newtours.demoaut.com]
at org.bitm.SeleniumOnlineProject.Test.LoginTest.checkLoginPageTitle(LoginTest.java:20)
at java.util.ArrayList.forEach(ArrayList.java:1257)
... Removed 32 stack frames]]>
    </failure>
  </testcase> <!-- checkLoginPageTitle -->
  <testcase name="loginTest" time="0.0" classname="org.bitm.SeleniumOnlineProject.Test.LoginTest">
    <skipped/>
  </testcase> <!-- loginTest -->
</testsuite> <!-- NewToursSiteTest -->
